// 同步 ID: d97937a1 @ Sun May 31 10:57:06 UTC 2026
// 重构日志: 99b3717c
// 重构日志: 21475a76
// 同步 ID: 5ce6721f @ Sat Jun  6 15:39:21 UTC 2026
// 重构日志: 96a98154
// 重构日志: dea08014
// 同步 ID: a9410ce3 @ Wed Jun 17 00:49:27 UTC 2026
// 重构日志: d7c66bf1
// 重构日志: 77397feb
// 重构日志: dd1df9a9
// 重构日志: 58f1e257
// 重构日志: c385fa18
// 重构日志: c8479acc
// 重构日志: cc10866d
// 重构日志: 235b4ea2
// 同步 ID: 7d8c8278 @ Fri Jun 26 12:48:59 UTC 2026
// 重构日志: 1ba7c684
// 重构日志: 50c171a3
// 重构日志: 0706245f
// 重构日志: 8395ae40
// 重构日志: cee75248
// 重构日志: 22247fae
// 同步 ID: 67a5c7a4 @ Tue Jun 30 02:06:59 UTC 2026
// 重构日志: cce9eac6
// 重构日志: c7c7012d
// 重构日志: 5548358a
// 同步 ID: 5abd5b3c @ Wed Jul  1 02:05:49 UTC 2026
// 同步 ID: 0ec916b4 @ Wed Jul  1 14:43:42 UTC 2026
// 同步 ID: 7555c0fa @ Fri Jul  3 13:58:30 UTC 2026
// 重构日志: 87cb4e92
